<?xml version="1.0" encoding="UTF-8"?>
<beans xmlns="http://www.springframework.org/schema/beans"  
    xmlns:xsi="http://www.w3.org/2001/XMLSchema-instance"  
    xmlns:p="http://www.springframework.org/schema/p"  
    xsi:schemaLocation="http://www.springframework.org/schema/beans  
                http://www.springframework.org/schema/beans/spring-beans-3.0.xsd"
                default-lazy-init="true">

<bean id="propertyConfigurer"
    class="org.springframework.beans.factory.config.PropertyPlaceholderConfigurer"
    p:location="/com/dyulok/dewa/test.properties" />

<bean id="dataSource"
    class="org.apache.commons.dbcp.BasicDataSource" destroy-method="close"
    p:driverClassName="${jdbc.drivers}"
    p:url="${jdbc.url}" p:username="${jdbc.username}"
    p:password="${jdbc.password}" />

<bean id="hibernateTemplate" class="org.springframework.orm.hibernate3.HibernateTemplate">
        <property name="sessionFactory">
            <ref bean="sessionFactory" />
        </property>
</bean>
<bean id="jdbcTemplate" class="org.springframework.jdbc.core.JdbcTemplate">
    <property name="dataSource" ref="dataSource"></property>
    
</bean>
<bean id="sessionFactory"
    class="org.springframework.orm.hibernate3.annotation.AnnotationSessionFactoryBean">
    <property name="dataSource" ref="dataSource" />
    <property name="configurationClass">
        <value>org.hibernate.cfg.AnnotationConfiguration</value>
    </property>
    <property name="annotatedClasses">
      <list>
        <value>com.dyulok.dewa.model.User</value>
        <value>com.dyulok.dewa.model.Post</value>
        <value>com.dyulok.dewa.model.Comment</value>

         </list>
    </property>
    <property name="hibernateProperties">
        <props>
            <prop key="hibernate.dialect">org.hibernate.dialect.MySQLDialect</prop>
            <prop key="hibernate.show_sql">true</prop>
            <prop key="hibernate.current_session_context_class">thread</prop>
            <prop key="hibernate.cache.provider_class">org.hibernate.cache.EhCacheProvider</prop>
            <prop key="hibernate.cache.use_query_cache">true</prop>
            <prop key="hibernate.cache.use_second_level_cache">true</prop>
            
        </props>
    </property>
</bean>

<bean id="transactionManager"
    class="org.springframework.orm.hibernate3.HibernateTransactionManager">
    <property name="sessionFactory" ref="sessionFactory" />
</bean>
                
<bean id="userDao" class="com.dyulok.dewa.dao.user.UserDaoImpl">
<property name="sessionFactory" ref="sessionFactory"></property>
</bean>

<bean id="commentDao" class="com.dyulok.dewa.dao.comment.CommentDaoImpl">
<property name="sessionFactory" ref="sessionFactory"></property>
</bean>

<bean id="postDao" class="com.dyulok.dewa.dao.post.PostDaoImpl">
<property name="sessionFactory" ref="sessionFactory"></property>
</bean>

<bean id="userService" class="com.dyulok.dewa.service.user.UserServiceImpl">
<property name="userDao" ref="userDao"></property>
</bean>

<bean id="postService" class="com.dyulok.dewa.service.post.PostServiceImpl">
<property name="postDao" ref="postDao"></property>
</bean>

<bean id="commentService" class="com.dyulok.dewa.service.comment.CommentServiceImpl">
<property name="commentDao" ref="commentDao"></property>
</bean>


</beans>